2024-03-13T23:11:52.446851+0600 INFO 
To calibrate the equipment, put a tick in the settings to calibration mode:
Actaul state is CALIBRATION_OFF
2024-03-13T23:11:52.448127+0600 DEBUG '[1;35mFeeder project version 7.1.[0m'
2024-03-13T23:11:53.850824+0600 ERROR Error connecting to Arduino on port Отсутствует: [Errno 2] could not open port Отсутствует: [Errno 2] No such file or directory: 'Отсутствует'
2024-03-13T23:11:53.854822+0600 ERROR Failed to initialize Arduino.
2024-03-13T23:11:54.256287+0600 ERROR Error connecting to Arduino on port Отсутствует: [Errno 2] could not open port Отсутствует: [Errno 2] No such file or directory: 'Отсутствует'
2024-03-13T23:11:54.257072+0600 ERROR Failed to initialize Arduino.
2024-03-13T23:11:54.658755+0600 ERROR Error connecting to Arduino on port Отсутствует: [Errno 2] could not open port Отсутствует: [Errno 2] No such file or directory: 'Отсутствует'
2024-03-13T23:11:54.659537+0600 ERROR Failed to initialize Arduino.
2024-03-13T23:11:55.061224+0600 ERROR Error connecting to Arduino on port Отсутствует: [Errno 2] could not open port Отсутствует: [Errno 2] No such file or directory: 'Отсутствует'
2024-03-13T23:11:55.062034+0600 ERROR Failed to initialize Arduino.
2024-03-13T23:11:55.463763+0600 ERROR Error connecting to Arduino on port Отсутствует: [Errno 2] could not open port Отсутствует: [Errno 2] No such file or directory: 'Отсутствует'
2024-03-13T23:11:55.464586+0600 ERROR Failed to initialize Arduino.
2024-03-13T23:11:55.866629+0600 ERROR Error connecting to Arduino on port Отсутствует: [Errno 2] could not open port Отсутствует: [Errno 2] No such file or directory: 'Отсутствует'
2024-03-13T23:11:55.867407+0600 ERROR Failed to initialize Arduino.
2024-03-13T23:11:56.269459+0600 ERROR Error connecting to Arduino on port Отсутствует: [Errno 2] could not open port Отсутствует: [Errno 2] No such file or directory: 'Отсутствует'
2024-03-13T23:11:56.270249+0600 ERROR Failed to initialize Arduino.
2024-03-13T23:11:56.672255+0600 ERROR Error connecting to Arduino on port Отсутствует: [Errno 2] could not open port Отсутствует: [Errno 2] No such file or directory: 'Отсутствует'
2024-03-13T23:11:56.673034+0600 ERROR Failed to initialize Arduino.
2024-03-13T23:11:57.074769+0600 ERROR Error connecting to Arduino on port Отсутствует: [Errno 2] could not open port Отсутствует: [Errno 2] No such file or directory: 'Отсутствует'
2024-03-13T23:11:57.075559+0600 ERROR Failed to initialize Arduino.
2024-03-13T23:11:57.477278+0600 ERROR Error connecting to Arduino on port Отсутствует: [Errno 2] could not open port Отсутствует: [Errno 2] No such file or directory: 'Отсутствует'
2024-03-13T23:11:57.478158+0600 ERROR Failed to initialize Arduino.
2024-03-13T23:11:57.880009+0600 ERROR Error connecting to Arduino on port Отсутствует: [Errno 2] could not open port Отсутствует: [Errno 2] No such file or directory: 'Отсутствует'
2024-03-13T23:11:57.880924+0600 ERROR Failed to initialize Arduino.
2024-03-13T23:11:58.282649+0600 ERROR Error connecting to Arduino on port Отсутствует: [Errno 2] could not open port Отсутствует: [Errno 2] No such file or directory: 'Отсутствует'
2024-03-13T23:11:58.283535+0600 ERROR Failed to initialize Arduino.
2024-03-13T23:11:58.685501+0600 ERROR Error connecting to Arduino on port Отсутствует: [Errno 2] could not open port Отсутствует: [Errno 2] No such file or directory: 'Отсутствует'
2024-03-13T23:11:58.686450+0600 ERROR Failed to initialize Arduino.
2024-03-13T23:11:59.088233+0600 ERROR Error connecting to Arduino on port Отсутствует: [Errno 2] could not open port Отсутствует: [Errno 2] No such file or directory: 'Отсутствует'
2024-03-13T23:11:59.088585+0600 ERROR Failed to initialize Arduino.
2024-03-13T23:11:59.489936+0600 ERROR Error connecting to Arduino on port Отсутствует: [Errno 2] could not open port Отсутствует: [Errno 2] No such file or directory: 'Отсутствует'
2024-03-13T23:11:59.490838+0600 ERROR Failed to initialize Arduino.
2024-03-13T23:11:59.892612+0600 ERROR Error connecting to Arduino on port Отсутствует: [Errno 2] could not open port Отсутствует: [Errno 2] No such file or directory: 'Отсутствует'
2024-03-13T23:11:59.893507+0600 ERROR Failed to initialize Arduino.
2024-03-13T23:12:00.295324+0600 ERROR Error connecting to Arduino on port Отсутствует: [Errno 2] could not open port Отсутствует: [Errno 2] No such file or directory: 'Отсутствует'
2024-03-13T23:12:00.296295+0600 ERROR Failed to initialize Arduino.
2024-03-13T23:12:00.698164+0600 ERROR Error connecting to Arduino on port Отсутствует: [Errno 2] could not open port Отсутствует: [Errno 2] No such file or directory: 'Отсутствует'
2024-03-13T23:12:00.699064+0600 ERROR Failed to initialize Arduino.
2024-03-13T23:12:01.100788+0600 ERROR Error connecting to Arduino on port Отсутствует: [Errno 2] could not open port Отсутствует: [Errno 2] No such file or directory: 'Отсутствует'
2024-03-13T23:12:01.101685+0600 ERROR Failed to initialize Arduino.
2024-03-13T23:12:01.503387+0600 ERROR Error connecting to Arduino on port Отсутствует: [Errno 2] could not open port Отсутствует: [Errno 2] No such file or directory: 'Отсутствует'
2024-03-13T23:12:01.504262+0600 ERROR Failed to initialize Arduino.
2024-03-13T23:12:01.906014+0600 ERROR Error connecting to Arduino on port Отсутствует: [Errno 2] could not open port Отсутствует: [Errno 2] No such file or directory: 'Отсутствует'
2024-03-13T23:12:01.906792+0600 ERROR Failed to initialize Arduino.
2024-03-13T23:12:02.308508+0600 ERROR Error connecting to Arduino on port Отсутствует: [Errno 2] could not open port Отсутствует: [Errno 2] No such file or directory: 'Отсутствует'
2024-03-13T23:12:02.309400+0600 ERROR Failed to initialize Arduino.
2024-03-13T23:12:02.711227+0600 ERROR Error connecting to Arduino on port Отсутствует: [Errno 2] could not open port Отсутствует: [Errno 2] No such file or directory: 'Отсутствует'
2024-03-13T23:12:02.712176+0600 ERROR Failed to initialize Arduino.
2024-03-13T23:12:03.114073+0600 ERROR Error connecting to Arduino on port Отсутствует: [Errno 2] could not open port Отсутствует: [Errno 2] No such file or directory: 'Отсутствует'
2024-03-13T23:12:03.114979+0600 ERROR Failed to initialize Arduino.
2024-03-13T23:12:03.516564+0600 ERROR Error connecting to Arduino on port Отсутствует: [Errno 2] could not open port Отсутствует: [Errno 2] No such file or directory: 'Отсутствует'
2024-03-13T23:12:03.516868+0600 ERROR Failed to initialize Arduino.
2024-03-13T23:12:03.918176+0600 ERROR Error connecting to Arduino on port Отсутствует: [Errno 2] could not open port Отсутствует: [Errno 2] No such file or directory: 'Отсутствует'
2024-03-13T23:12:03.918993+0600 ERROR Failed to initialize Arduino.
2024-03-13T23:12:04.320704+0600 ERROR Error connecting to Arduino on port Отсутствует: [Errno 2] could not open port Отсутствует: [Errno 2] No such file or directory: 'Отсутствует'
2024-03-13T23:12:04.321485+0600 ERROR Failed to initialize Arduino.
2024-03-13T23:12:04.723079+0600 ERROR Error connecting to Arduino on port Отсутствует: [Errno 2] could not open port Отсутствует: [Errno 2] No such file or directory: 'Отсутствует'
2024-03-13T23:12:04.723851+0600 ERROR Failed to initialize Arduino.
2024-03-13T23:12:05.125571+0600 ERROR Error connecting to Arduino on port Отсутствует: [Errno 2] could not open port Отсутствует: [Errno 2] No such file or directory: 'Отсутствует'
2024-03-13T23:12:05.126391+0600 ERROR Failed to initialize Arduino.
2024-03-13T23:12:05.528129+0600 ERROR Error connecting to Arduino on port Отсутствует: [Errno 2] could not open port Отсутствует: [Errno 2] No such file or directory: 'Отсутствует'
2024-03-13T23:12:05.528923+0600 ERROR Failed to initialize Arduino.
2024-03-13T23:12:05.930642+0600 ERROR Error connecting to Arduino on port Отсутствует: [Errno 2] could not open port Отсутствует: [Errno 2] No such file or directory: 'Отсутствует'
2024-03-13T23:12:05.931425+0600 ERROR Failed to initialize Arduino.
2024-03-13T23:12:06.333081+0600 ERROR Error connecting to Arduino on port Отсутствует: [Errno 2] could not open port Отсутствует: [Errno 2] No such file or directory: 'Отсутствует'
2024-03-13T23:12:06.333865+0600 ERROR Failed to initialize Arduino.
2024-03-13T23:12:06.735585+0600 ERROR Error connecting to Arduino on port Отсутствует: [Errno 2] could not open port Отсутствует: [Errno 2] No such file or directory: 'Отсутствует'
2024-03-13T23:12:06.736449+0600 ERROR Failed to initialize Arduino.
2024-03-13T23:12:07.138163+0600 ERROR Error connecting to Arduino on port Отсутствует: [Errno 2] could not open port Отсутствует: [Errno 2] No such file or directory: 'Отсутствует'
2024-03-13T23:12:07.138944+0600 ERROR Failed to initialize Arduino.
2024-03-13T23:12:07.540608+0600 ERROR Error connecting to Arduino on port Отсутствует: [Errno 2] could not open port Отсутствует: [Errno 2] No such file or directory: 'Отсутствует'
2024-03-13T23:12:07.541383+0600 ERROR Failed to initialize Arduino.
2024-03-13T23:12:07.943092+0600 ERROR Error connecting to Arduino on port Отсутствует: [Errno 2] could not open port Отсутствует: [Errno 2] No such file or directory: 'Отсутствует'
2024-03-13T23:12:07.943885+0600 ERROR Failed to initialize Arduino.
2024-03-13T23:12:08.345631+0600 ERROR Error connecting to Arduino on port Отсутствует: [Errno 2] could not open port Отсутствует: [Errno 2] No such file or directory: 'Отсутствует'
2024-03-13T23:12:08.346415+0600 ERROR Failed to initialize Arduino.
2024-03-13T23:12:08.748193+0600 ERROR Error connecting to Arduino on port Отсутствует: [Errno 2] could not open port Отсутствует: [Errno 2] No such file or directory: 'Отсутствует'
2024-03-13T23:12:08.748982+0600 ERROR Failed to initialize Arduino.
2024-03-13T23:12:09.150752+0600 ERROR Error connecting to Arduino on port Отсутствует: [Errno 2] could not open port Отсутствует: [Errno 2] No such file or directory: 'Отсутствует'
2024-03-13T23:12:09.151535+0600 ERROR Failed to initialize Arduino.
2024-03-13T23:12:09.553221+0600 ERROR Error connecting to Arduino on port Отсутствует: [Errno 2] could not open port Отсутствует: [Errno 2] No such file or directory: 'Отсутствует'
2024-03-13T23:12:09.554009+0600 ERROR Failed to initialize Arduino.
2024-03-13T23:12:09.955722+0600 ERROR Error connecting to Arduino on port Отсутствует: [Errno 2] could not open port Отсутствует: [Errno 2] No such file or directory: 'Отсутствует'
2024-03-13T23:12:09.956559+0600 ERROR Failed to initialize Arduino.
2024-03-13T23:12:10.358265+0600 ERROR Error connecting to Arduino on port Отсутствует: [Errno 2] could not open port Отсутствует: [Errno 2] No such file or directory: 'Отсутствует'
2024-03-13T23:12:10.359054+0600 ERROR Failed to initialize Arduino.
2024-03-13T23:12:10.760767+0600 ERROR Error connecting to Arduino on port Отсутствует: [Errno 2] could not open port Отсутствует: [Errno 2] No such file or directory: 'Отсутствует'
2024-03-13T23:12:10.772340+0600 ERROR Failed to initialize Arduino.
2024-03-13T23:12:11.174478+0600 ERROR Error connecting to Arduino on port Отсутствует: [Errno 2] could not open port Отсутствует: [Errno 2] No such file or directory: 'Отсутствует'
2024-03-13T23:12:11.175241+0600 ERROR Failed to initialize Arduino.
2024-03-13T23:12:11.577008+0600 ERROR Error connecting to Arduino on port Отсутствует: [Errno 2] could not open port Отсутствует: [Errno 2] No such file or directory: 'Отсутствует'
2024-03-13T23:12:11.577765+0600 ERROR Failed to initialize Arduino.
2024-03-13T23:12:11.979449+0600 ERROR Error connecting to Arduino on port Отсутствует: [Errno 2] could not open port Отсутствует: [Errno 2] No such file or directory: 'Отсутствует'
2024-03-13T23:12:11.980297+0600 ERROR Failed to initialize Arduino.
2024-03-13T23:12:12.382076+0600 ERROR Error connecting to Arduino on port Отсутствует: [Errno 2] could not open port Отсутствует: [Errno 2] No such file or directory: 'Отсутствует'
2024-03-13T23:12:12.382845+0600 ERROR Failed to initialize Arduino.
2024-03-13T23:12:12.784575+0600 ERROR Error connecting to Arduino on port Отсутствует: [Errno 2] could not open port Отсутствует: [Errno 2] No such file or directory: 'Отсутствует'
2024-03-13T23:12:12.785345+0600 ERROR Failed to initialize Arduino.
2024-03-13T23:12:13.186967+0600 ERROR Error connecting to Arduino on port Отсутствует: [Errno 2] could not open port Отсутствует: [Errno 2] No such file or directory: 'Отсутствует'
2024-03-13T23:12:13.187729+0600 ERROR Failed to initialize Arduino.
2024-03-13T23:12:13.589486+0600 ERROR Error connecting to Arduino on port Отсутствует: [Errno 2] could not open port Отсутствует: [Errno 2] No such file or directory: 'Отсутствует'
2024-03-13T23:12:13.590201+0600 ERROR Failed to initialize Arduino.
2024-03-13T23:12:13.991858+0600 ERROR Error connecting to Arduino on port Отсутствует: [Errno 2] could not open port Отсутствует: [Errno 2] No such file or directory: 'Отсутствует'
2024-03-13T23:12:13.992721+0600 ERROR Failed to initialize Arduino.
2024-03-13T23:12:14.394442+0600 ERROR Error connecting to Arduino on port Отсутствует: [Errno 2] could not open port Отсутствует: [Errno 2] No such file or directory: 'Отсутствует'
2024-03-13T23:12:14.395342+0600 ERROR Failed to initialize Arduino.
2024-03-13T23:12:14.797138+0600 ERROR Error connecting to Arduino on port Отсутствует: [Errno 2] could not open port Отсутствует: [Errno 2] No such file or directory: 'Отсутствует'
2024-03-13T23:12:14.798035+0600 ERROR Failed to initialize Arduino.
2024-03-13T23:12:15.199678+0600 ERROR Error connecting to Arduino on port Отсутствует: [Errno 2] could not open port Отсутствует: [Errno 2] No such file or directory: 'Отсутствует'
2024-03-13T23:12:15.199927+0600 ERROR Failed to initialize Arduino.
2024-03-13T23:12:15.601255+0600 ERROR Error connecting to Arduino on port Отсутствует: [Errno 2] could not open port Отсутствует: [Errno 2] No such file or directory: 'Отсутствует'
2024-03-13T23:12:15.602024+0600 ERROR Failed to initialize Arduino.
2024-03-13T23:12:16.003681+0600 ERROR Error connecting to Arduino on port Отсутствует: [Errno 2] could not open port Отсутствует: [Errno 2] No such file or directory: 'Отсутствует'
